==20065== Memcheck, a memory error detector
==20065== Copyright (C) 2002-2012, and GNU GPL'd, by Julian Seward et al.
==20065== Using Valgrind-3.8.1 and LibVEX; rerun with -h for copyright info
==20065== Command: ./proj2 10000.txt output.txt
==20065== Parent PID: 19361
==20065== 
--20065-- 
--20065-- Valgrind options:
--20065--    --tool=memcheck
--20065--    --leak-check=full
--20065--    --verbose
--20065--    --log-file=valgrind.log
--20065-- Contents of /proc/version:
--20065--   Linux version 2.6.32-431.5.1.el6.x86_64 (mockbuild@x86-002.build.bos.redhat.com) (gcc version 4.4.7 20120313 (Red Hat 4.4.7-4) (GCC) ) #1 SMP Fri Jan 10 14:46:43 EST 2014
--20065-- Arch and hwcaps: AMD64, amd64-sse3-cx16
--20065-- Page sizes: currently 4096, max supported 4096
--20065-- Valgrind library directory: /usr/lib64/valgrind
--20065-- Reading syms from /home/shay/a/kang144/368-Porjects/Project2/proj2
--20065-- Reading syms from /usr/lib64/valgrind/memcheck-amd64-linux
--20065--    object doesn't have a dynamic symbol table
--20065-- Reading syms from /lib64/ld-2.12.so
--20065-- Scheduler: using generic scheduler lock implementation.
--20065-- Reading suppressions file: /usr/lib64/valgrind/default.supp
==20065== embedded gdbserver: reading from /tmp/vgdb-pipe-from-vgdb-to-20065-by-kang144-on-ecelinux26.ecn.purdue.edu
==20065== embedded gdbserver: writing to   /tmp/vgdb-pipe-to-vgdb-from-20065-by-kang144-on-ecelinux26.ecn.purdue.edu
==20065== embedded gdbserver: shared mem   /tmp/vgdb-pipe-shared-mem-vgdb-20065-by-kang144-on-ecelinux26.ecn.purdue.edu
==20065== 
==20065== TO CONTROL THIS PROCESS USING vgdb (which you probably
==20065== don't want to do, unless you know exactly what you're doing,
==20065== or are doing some strange experiment):
==20065==   /usr/lib64/valgrind/../../bin/vgdb --pid=20065 ...command...
==20065== 
==20065== TO DEBUG THIS PROCESS USING GDB: start GDB like this
==20065==   /path/to/gdb ./proj2
==20065== and then give GDB the following command
==20065==   target remote | /usr/lib64/valgrind/../../bin/vgdb --pid=20065
==20065== --pid is optional if only one valgrind process is running
==20065== 
--20065-- REDIR: 0x3220c17530 (strlen) redirected to 0x38049551 (vgPlain_amd64_linux_REDIR_FOR_strlen)
--20065-- Reading syms from /usr/lib64/valgrind/vgpreload_core-amd64-linux.so
--20065-- Reading syms from /usr/lib64/valgrind/vgpreload_memcheck-amd64-linux.so
--20065-- REDIR: 0x3220c173a0 (index) redirected to 0x4a07bf0 (index)
--20065-- REDIR: 0x3220c17420 (strcmp) redirected to 0x4a08530 (strcmp)
--20065-- Reading syms from /lib64/libc-2.12.so
--20065-- REDIR: 0x3221084fb0 (strcasecmp) redirected to 0x480155c (_vgnU_ifunc_wrapper)
--20065-- REDIR: 0x3221087270 (strncasecmp) redirected to 0x480155c (_vgnU_ifunc_wrapper)
--20065-- REDIR: 0x3221082f20 (__GI_strrchr) redirected to 0x4a07a70 (__GI_strrchr)
--20065-- REDIR: 0x322107a920 (malloc) redirected to 0x4a0696c (malloc)
--20065-- REDIR: 0x322108add0 (strchrnul) redirected to 0x4a09f10 (strchrnul)
--20065-- REDIR: 0x322107b800 (free) redirected to 0x4a06369 (free)
--20065-- REDIR: 0x3221081440 (__GI_strlen) redirected to 0x4a07f70 (__GI_strlen)
--20065-- REDIR: 0x32210847e0 (mempcpy) redirected to 0x4a09f80 (mempcpy)
--20065-- REDIR: 0x3221089950 (memcpy) redirected to 0x4a08b20 (memcpy)
==20065== 
==20065== HEAP SUMMARY:
==20065==     in use at exit: 568 bytes in 1 blocks
==20065==   total heap usage: 10,004 allocs, 10,003 frees, 161,168 bytes allocated
==20065== 
==20065== Searching for pointers to 1 not-freed blocks
==20065== Checked 1,113,136 bytes
==20065== 
==20065== LEAK SUMMARY:
==20065==    definitely lost: 0 bytes in 0 blocks
==20065==    indirectly lost: 0 bytes in 0 blocks
==20065==      possibly lost: 0 bytes in 0 blocks
==20065==    still reachable: 568 bytes in 1 blocks
==20065==         suppressed: 0 bytes in 0 blocks
==20065== Reachable blocks (those to which a pointer was found) are not shown.
==20065== To see them, rerun with: --leak-check=full --show-reachable=yes
==20065== 
==20065== ERROR SUMMARY: 0 errors from 0 contexts (suppressed: 6 from 6)
--20065-- 
--20065-- used_suppression:      4 U1004-ARM-_dl_relocate_object
--20065-- used_suppression:      2 glibc-2.5.x-on-SUSE-10.2-(PPC)-2a
==20065== 
==20065== ERROR SUMMARY: 0 errors from 0 contexts (suppressed: 6 from 6)
